2023-03-04 23:08:50,185-INFO- Connecting to DB
2023-03-04 23:09:26,273-DEBUG- Using selector: KqueueSelector
2023-03-04 23:09:26,281-DEBUG- Using selector: KqueueSelector
2023-03-04 23:09:34,165-DEBUG- pickle loaded: /Users/tparsota/opt/anaconda3/lib/python3.8/site-packages/jedi/third_party/typeshed/stdlib/3/builtins.pyi
2023-03-04 23:09:34,195-DEBUG- pickle loaded: /Users/tparsota/opt/anaconda3/lib/python3.8/site-packages/jedi/third_party/typeshed/stdlib/3/sys.pyi
2023-03-04 23:12:28,045-DEBUG- diff parser start
2023-03-04 23:12:28,045-DEBUG- line_lengths old: 1; new: 1
2023-03-04 23:12:28,045-DEBUG- -> code[replace] old[1:1] new[1:1]
2023-03-04 23:12:28,046-DEBUG- parse_part from 1 to 1 (to 0 in part parser)
2023-03-04 23:12:28,046-DEBUG- diff parser end
2023-03-04 23:12:30,020-DEBUG- diff parser start
2023-03-04 23:12:30,021-DEBUG- line_lengths old: 1; new: 1
2023-03-04 23:12:30,021-DEBUG- -> code[replace] old[1:1] new[1:1]
2023-03-04 23:12:30,021-DEBUG- parse_part from 1 to 1 (to 0 in part parser)
2023-03-04 23:12:30,021-DEBUG- diff parser end
2023-03-04 23:14:41,908-DEBUG- diff parser start
2023-03-04 23:14:41,908-DEBUG- line_lengths old: 1; new: 1
2023-03-04 23:14:41,908-DEBUG- -> code[replace] old[1:1] new[1:1]
2023-03-04 23:14:41,909-DEBUG- parse_part from 1 to 1 (to 0 in part parser)
2023-03-04 23:14:41,909-DEBUG- diff parser end
